<?xml version="1.0" encoding="UTF-8"?>
<!-- Generated by org.testng.reporters.JUnitXMLReporter -->
<testsuite ignored="9" hostname="INPNB77889" failures="0" tests="1" name="Default test" time="42.938" errors="0" timestamp="2023-09-19T21:53:55 IST">
  <testcase classname="TestCasesSpiceJet.TestCasesClass" name="TestCase005" time="31.055"/>
  <testcase classname="TestCasesSpiceJet.TestCasesClass" name="TestCase004" time="0.0">
    <ignored/>
  </testcase> <!-- TestCase004 -->
  <testcase classname="TestCasesSpiceJet.TestCasesClass" name="TestCase007" time="0.0">
    <ignored/>
  </testcase> <!-- TestCase007 -->
  <testcase classname="TestCasesSpiceJet.TestCasesClass" name="TestCase006" time="0.0">
    <ignored/>
  </testcase> <!-- TestCase006 -->
  <testcase classname="TestCasesSpiceJet.TestCasesClass" name="TestCase009" time="0.0">
    <ignored/>
  </testcase> <!-- TestCase009 -->
  <testcase classname="TestCasesSpiceJet.TestCasesClass" name="TestCase009C" time="0.0">
    <ignored/>
  </testcase> <!-- TestCase009C -->
  <testcase classname="TestCasesSpiceJet.TestCasesClass" name="TestCase005B" time="0.0">
    <ignored/>
  </testcase> <!-- TestCase005B -->
  <testcase classname="TestCasesSpiceJet.TestCasesClass" name="TestCase003" time="0.0">
    <ignored/>
  </testcase> <!-- TestCase003 -->
  <testcase classname="TestCasesSpiceJet.TestCasesClass" name="TestCase009B" time="0.0">
    <ignored/>
  </testcase> <!-- TestCase009B -->
  <testcase classname="TestCasesSpiceJet.TestCasesClass" name="TestCase001" time="0.0">
    <ignored/>
  </testcase> <!-- TestCase001 -->
</testsuite> <!-- Default test -->
