<?xml version="1.0" encoding="UTF-8"?>
<testng-results ignored="9" total="10" passed="1" failed="0" skipped="0">
  <reporter-output>
  </reporter-output>
  <suite started-at="2023-09-19T21:53:12 IST" name="Default suite" finished-at="2023-09-19T21:53:55 IST" duration-ms="42938">
    <groups>
    </groups>
    <test started-at="2023-09-19T21:53:12 IST" name="Default test" finished-at="2023-09-19T21:53:55 IST" duration-ms="42938">
      <class name="TestCasesSpiceJet.TestCasesClass">
        <test-method is-config="true" signature="start()[pri:0, instance:TestCasesSpiceJet.TestCasesClass@3e84448c]" started-at="2023-09-19T21:53:13 IST" name="start" finished-at="2023-09-19T21:53:24 IST" duration-ms="11457" status="PASS">
          <reporter-output>
          </reporter-output>
        </test-method> <!-- start -->
        <test-method signature="TestCase005()[pri:0, instance:TestCasesSpiceJet.TestCasesClass@3e84448c]" started-at="2023-09-19T21:53:24 IST" name="TestCase005" finished-at="2023-09-19T21:53:55 IST" duration-ms="31055" status="PASS">
          <reporter-output>
          </reporter-output>
        </test-method> <!-- TestCase005 -->
        <test-method is-config="true" signature="close()[pri:0, instance:TestCasesSpiceJet.TestCasesClass@3e84448c]" started-at="2023-09-19T21:53:55 IST" name="close" finished-at="2023-09-19T21:53:55 IST" duration-ms="371" status="PASS">
          <reporter-output>
          </reporter-output>
        </test-method> <!-- close -->
      </class> <!-- TestCasesSpiceJet.TestCasesClass -->
    </test> <!-- Default test -->
  </suite> <!-- Default suite -->
</testng-results>
